 2025/10/10 10:57:13 /home/quant/Document/project/go-dango-gin/pkg/database/curd.go:207
[2.664ms] [rows:1] SELECT * FROM "customer_permission" WHERE "customer_permission"."id" = 1 ORDER BY "customer_permission"."id" LIMIT 1
 2025/10/10 10:57:22 /home/quant/Document/project/go-dango-gin/pkg/database/curd.go:207
[2.323ms] [rows:1] SELECT * FROM "customer_permission" WHERE "customer_permission"."id" = 3 ORDER BY "customer_permission"."id" LIMIT 1
 2025/10/13 15:24:57 /home/quant/Document/project/go-dango-gin/pkg/database/curd.go:207
[4.731ms] [rows:1] SELECT * FROM "customer_permission" WHERE "customer_permission"."id" = 1 ORDER BY "customer_permission"."id" LIMIT 1
 2025/10/13 15:29:13 /home/quant/Document/project/go-dango-gin/pkg/database/curd.go:207
[2.753ms] [rows:1] SELECT * FROM "customer_permission" WHERE "customer_permission"."id" = 1 ORDER BY "customer_permission"."id" LIMIT 1
 2025/10/13 15:29:17 /home/quant/Document/project/go-dango-gin/pkg/database/curd.go:207
[1.561ms] [rows:1] SELECT * FROM "customer_permission" WHERE "customer_permission"."id" = 2 ORDER BY "customer_permission"."id" LIMIT 1
 2025/10/13 15:30:39 /home/quant/Document/project/go-dango-gin/pkg/database/curd.go:207
[3.541ms] [rows:1] SELECT * FROM "customer_permission" WHERE "customer_permission"."id" = 2 ORDER BY "customer_permission"."id" LIMIT 1
 2025/10/14 10:46:17 /home/quant/Document/project/go-dango-gin/pkg/database/curd.go:249
[1.778ms] [rows:1] SELECT count(*) FROM "customer_permission"
 2025/10/14 10:46:17 /home/quant/Document/project/go-dango-gin/pkg/database/curd.go:267
[1.580ms] [rows:10] SELECT * FROM "customer_permission" ORDER BY id LIMIT 10
 2025/10/14 10:46:53 /home/quant/Document/project/go-dango-gin/pkg/database/curd.go:249
[2.581ms] [rows:1] SELECT count(*) FROM "customer_permission" WHERE id in (1,2,3)
 2025/10/14 10:46:53 /home/quant/Document/project/go-dango-gin/pkg/database/curd.go:267
[1.810ms] [rows:3] SELECT * FROM "customer_permission" WHERE id in (1,2,3) ORDER BY id LIMIT 10
 2025/10/14 10:47:02 /home/quant/Document/project/go-dango-gin/pkg/database/curd.go:249
[2.267ms] [rows:1] SELECT count(*) FROM "customer_permission" WHERE id in (5,7,8)
 2025/10/14 10:47:02 /home/quant/Document/project/go-dango-gin/pkg/database/curd.go:267
[0.998ms] [rows:1] SELECT * FROM "customer_permission" WHERE id in (5,7,8) ORDER BY id LIMIT 10
 2025/10/14 10:47:12 /home/quant/Document/project/go-dango-gin/pkg/database/curd.go:249
[1.442ms] [rows:1] SELECT count(*) FROM "customer_permission"
 2025/10/14 10:47:12 /home/quant/Document/project/go-dango-gin/pkg/database/curd.go:267
[1.700ms] [rows:10] SELECT * FROM "customer_permission" ORDER BY id LIMIT 10
 2025/10/14 10:47:58 /home/quant/Document/project/go-dango-gin/pkg/database/curd.go:249
[2.211ms] [rows:1] SELECT count(*) FROM "customer_permission" WHERE id in (1,2,3)
 2025/10/14 10:47:58 /home/quant/Document/project/go-dango-gin/pkg/database/curd.go:267
[1.669ms] [rows:3] SELECT * FROM "customer_permission" WHERE id in (1,2,3) ORDER BY id LIMIT 10
 2025/10/14 10:48:21 /home/quant/Document/project/go-dango-gin/pkg/database/curd.go:249
[2.202ms] [rows:1] SELECT count(*) FROM "customer_permission" WHERE id in (1,2,3)
 2025/10/14 10:48:21 /home/quant/Document/project/go-dango-gin/pkg/database/curd.go:267
[1.778ms] [rows:3] SELECT * FROM "customer_permission" WHERE id in (1,2,3) ORDER BY id LIMIT 10
 2025/10/14 10:48:39 /home/quant/Document/project/go-dango-gin/pkg/database/curd.go:249
[1.898ms] [rows:1] SELECT count(*) FROM "customer_permission" WHERE id in (1,2,3,4)
 2025/10/14 10:48:39 /home/quant/Document/project/go-dango-gin/pkg/database/curd.go:267
[1.027ms] [rows:4] SELECT * FROM "customer_permission" WHERE id in (1,2,3,4) ORDER BY id LIMIT 10
 2025/10/14 10:49:12 /home/quant/Document/project/go-dango-gin/pkg/database/curd.go:249
[3.098ms] [rows:1] SELECT count(*) FROM "customer_permission" WHERE id in (1,2,3,4)
 2025/10/14 10:49:12 /home/quant/Document/project/go-dango-gin/pkg/database/curd.go:267
[2.087ms] [rows:4] SELECT * FROM "customer_permission" WHERE id in (1,2,3,4) ORDER BY id LIMIT 10
 2025/10/14 10:49:36 /home/quant/Document/project/go-dango-gin/pkg/database/curd.go:249
[1.722ms] [rows:1] SELECT count(*) FROM "customer_permission" WHERE id in (1,2,3,4)
 2025/10/14 10:49:36 /home/quant/Document/project/go-dango-gin/pkg/database/curd.go:267
[2.014ms] [rows:4] SELECT * FROM "customer_permission" WHERE id in (1,2,3,4) ORDER BY id LIMIT 10
 2025/10/14 10:49:43 /home/quant/Document/project/go-dango-gin/pkg/database/curd.go:249
[1.670ms] [rows:1] SELECT count(*) FROM "customer_permission"
 2025/10/14 10:49:43 /home/quant/Document/project/go-dango-gin/pkg/database/curd.go:267
[1.515ms] [rows:10] SELECT * FROM "customer_permission" ORDER BY id LIMIT 10
 2025/10/14 10:50:05 /home/quant/Document/project/go-dango-gin/pkg/database/curd.go:249
[2.365ms] [rows:1] SELECT count(*) FROM "customer_permission" WHERE id in (1,2,3,4)
 2025/10/14 10:50:05 /home/quant/Document/project/go-dango-gin/pkg/database/curd.go:267
[1.619ms] [rows:4] SELECT * FROM "customer_permission" WHERE id in (1,2,3,4) ORDER BY id LIMIT 10
 2025/10/14 10:50:43 /home/quant/Document/project/go-dango-gin/pkg/database/curd.go:249
[3.179ms] [rows:1] SELECT count(*) FROM "customer_permission" WHERE http_url like 'menu'
 2025/10/14 10:50:43 /home/quant/Document/project/go-dango-gin/pkg/database/curd.go:267
[2.469ms] [rows:0] SELECT * FROM "customer_permission" WHERE http_url like 'menu' ORDER BY id LIMIT 10
 2025/10/14 10:51:01 /home/quant/Document/project/go-dango-gin/pkg/database/curd.go:249
[2.279ms] [rows:1] SELECT count(*) FROM "customer_permission" WHERE id in (1,2,3)
 2025/10/14 10:51:01 /home/quant/Document/project/go-dango-gin/pkg/database/curd.go:267
[1.804ms] [rows:3] SELECT * FROM "customer_permission" WHERE id in (1,2,3) ORDER BY id LIMIT 10
 2025/10/14 10:51:16 /home/quant/Document/project/go-dango-gin/pkg/database/curd.go:249
[3.444ms] [rows:1] SELECT count(*) FROM "customer_permission" WHERE id in (1,2,3) AND method = 'GET'
 2025/10/14 10:51:16 /home/quant/Document/project/go-dango-gin/pkg/database/curd.go:267
[1.811ms] [rows:2] SELECT * FROM "customer_permission" WHERE id in (1,2,3) AND method = 'GET' ORDER BY id LIMIT 10
 2025/10/14 10:51:37 /home/quant/Document/project/go-dango-gin/pkg/database/curd.go:249
[2.355ms] [rows:1] SELECT count(*) FROM "customer_permission" WHERE id in (1,2,3) AND http_url like 'pk' AND method = 'GET'
 2025/10/14 10:51:37 /home/quant/Document/project/go-dango-gin/pkg/database/curd.go:267
[2.245ms] [rows:0] SELECT * FROM "customer_permission" WHERE id in (1,2,3) AND http_url like 'pk' AND method = 'GET' ORDER BY id LIMIT 10
 2025/10/14 10:52:22 /home/quant/Document/project/go-dango-gin/pkg/database/curd.go:249
[3.293ms] [rows:1] SELECT count(*) FROM "customer_permission" WHERE id in (1,2,3) AND method = 'GET'
 2025/10/14 10:52:22 /home/quant/Document/project/go-dango-gin/pkg/database/curd.go:267
[1.809ms] [rows:2] SELECT * FROM "customer_permission" WHERE id in (1,2,3) AND method = 'GET' ORDER BY id LIMIT 10
 2025/10/14 10:55:33 /home/quant/Document/project/go-dango-gin/pkg/database/curd.go:249
[3.600ms] [rows:1] SELECT count(*) FROM "customer_permission" WHERE method = 'GET' AND id in (1,2,3) AND http_url like 'pk'
 2025/10/14 10:55:33 /home/quant/Document/project/go-dango-gin/pkg/database/curd.go:267
[2.054ms] [rows:0] SELECT * FROM "customer_permission" WHERE method = 'GET' AND id in (1,2,3) AND http_url like 'pk' ORDER BY id LIMIT 10
 2025/10/14 11:02:26 /home/quant/Document/project/go-dango-gin/pkg/database/curd.go:249
[5.659ms] [rows:1] SELECT count(*) FROM "customer_permission" WHERE id in (1,2,3) AND http_url like '%pk%' AND method = 'GET'
 2025/10/14 11:02:26 /home/quant/Document/project/go-dango-gin/pkg/database/curd.go:267
[2.225ms] [rows:1] SELECT * FROM "customer_permission" WHERE id in (1,2,3) AND http_url like '%pk%' AND method = 'GET' ORDER BY id LIMIT 10
 2025/10/14 11:05:08 /home/quant/Document/project/go-dango-gin/pkg/database/curd.go:249
[1.883ms] [rows:1] SELECT count(*) FROM "customer_permission" WHERE id in (1,2,3) AND method = 'GET'
 2025/10/14 11:05:08 /home/quant/Document/project/go-dango-gin/pkg/database/curd.go:267
[0.972ms] [rows:2] SELECT * FROM "customer_permission" WHERE id in (1,2,3) AND method = 'GET' ORDER BY id LIMIT 10
 2025/10/14 11:31:31 /home/quant/Document/project/go-dango-gin/pkg/database/curd.go:249
[2.941ms] [rows:1] SELECT count(*) FROM "customer_permission" WHERE id in (1,2,3) AND http_url like '%pk%' AND method = 'GET'
 2025/10/14 11:31:31 /home/quant/Document/project/go-dango-gin/pkg/database/curd.go:267
[1.149ms] [rows:1] SELECT * FROM "customer_permission" WHERE id in (1,2,3) AND http_url like '%pk%' AND method = 'GET' ORDER BY id LIMIT 10
 2025/10/14 11:31:37 /home/quant/Document/project/go-dango-gin/pkg/database/curd.go:249
[2.269ms] [rows:1] SELECT count(*) FROM "customer_permission" WHERE id in (1,2,3)
 2025/10/14 11:31:37 /home/quant/Document/project/go-dango-gin/pkg/database/curd.go:267
[1.641ms] [rows:3] SELECT * FROM "customer_permission" WHERE id in (1,2,3) ORDER BY id LIMIT 10
 2025/10/14 11:35:15 /home/quant/Document/project/go-dango-gin/pkg/database/curd.go:249
[2.863ms] [rows:1] SELECT count(*) FROM "customer_permission" WHERE id in (1,2,3)
 2025/10/14 11:35:15 /home/quant/Document/project/go-dango-gin/pkg/database/curd.go:267
[1.735ms] [rows:3] SELECT * FROM "customer_permission" WHERE id in (1,2,3) ORDER BY id LIMIT 10
 2025/10/14 13:01:07 /home/quant/Document/project/go-dango-gin/pkg/database/curd.go:249
[41.907ms] [rows:1] SELECT count(*) FROM "customer_permission" WHERE id in (1,3)
 2025/10/14 13:01:07 /home/quant/Document/project/go-dango-gin/pkg/database/curd.go:267
[0.936ms] [rows:2] SELECT * FROM "customer_permission" WHERE id in (1,3) ORDER BY id LIMIT 10
 2025/10/14 13:01:13 /home/quant/Document/project/go-dango-gin/pkg/database/curd.go:249
[1.275ms] [rows:1] SELECT count(*) FROM "customer_permission"
 2025/10/14 13:01:13 /home/quant/Document/project/go-dango-gin/pkg/database/curd.go:267
[0.989ms] [rows:10] SELECT * FROM "customer_permission" ORDER BY id LIMIT 10
 2025/10/14 13:02:31 /home/quant/Document/project/go-dango-gin/pkg/database/curd.go:113 duplicated key not allowed
[19.401ms] [rows:0] INSERT INTO "customer_permission" ("create_at","update_at","http_url","method","descr") VALUES ('2025-10-14 13:02:31.851','2025-10-14 13:02:31.851','/api/v1/test','GET','') RETURNING "id"
 2025/10/14 13:03:37 /home/quant/Document/project/go-dango-gin/pkg/database/curd.go:249
[3.052ms] [rows:1] SELECT count(*) FROM "customer_permission"
 2025/10/14 13:03:37 /home/quant/Document/project/go-dango-gin/pkg/database/curd.go:267
[3.112ms] [rows:10] SELECT * FROM "customer_permission" ORDER BY id LIMIT 10
 2025/10/14 13:03:55 /home/quant/Document/project/go-dango-gin/pkg/database/curd.go:113 duplicated key not allowed
[10.027ms] [rows:0] INSERT INTO "customer_permission" ("create_at","update_at","http_url","method","descr") VALUES ('2025-10-14 13:03:55.089','2025-10-14 13:03:55.089','/api/v1/test','GET','') RETURNING "id"
 2025/10/14 14:09:07 /home/quant/Document/project/go-dango-gin/pkg/database/curd.go:113
[5.298ms] [rows:1] INSERT INTO "customer_permission" ("create_at","update_at","http_url","method","descr","id") VALUES ('2025-10-14 14:09:07.156','2025-10-14 14:09:07.156','/api/v1/test','GET','',7) RETURNING "id"
 2025/10/14 14:11:57 /home/quant/Document/project/go-dango-gin/pkg/database/curd.go:185
[18.315ms] [rows:1] DELETE FROM "customer_permission" WHERE "customer_permission"."id" = 7
 2025/10/14 14:12:02 /home/quant/Document/project/go-dango-gin/pkg/database/curd.go:113
[3.575ms] [rows:1] INSERT INTO "customer_permission" ("create_at","update_at","http_url","method","descr","id") VALUES ('2025-10-14 14:12:02.993','2025-10-14 14:12:02.993','/api/v1/test','GET','',7) RETURNING "id"
 2025/10/14 14:57:37 /home/quant/Document/project/go-dango-gin/pkg/database/curd.go:249
[1.559ms] [rows:1] SELECT count(*) FROM "customer_permission"
 2025/10/14 14:57:37 /home/quant/Document/project/go-dango-gin/pkg/database/curd.go:267
[2.965ms] [rows:10] SELECT * FROM "customer_permission" ORDER BY id LIMIT 10
 2025/10/16 15:30:28 /home/quant/Document/project/go-dango-gin/pkg/database/curd.go:260
[3.924ms] [rows:1] SELECT count(*) FROM "customer_permission" WHERE id in (1,2,3)
 2025/10/16 15:30:28 /home/quant/Document/project/go-dango-gin/pkg/database/curd.go:278
[2.009ms] [rows:3] SELECT * FROM "customer_permission" WHERE id in (1,2,3) ORDER BY id LIMIT 10
 2025/10/16 15:31:13 /home/quant/Document/project/go-dango-gin/pkg/database/curd.go:260
[2.139ms] [rows:1] SELECT count(*) FROM "customer_permission" WHERE id in (1,2,3)
 2025/10/16 15:31:13 /home/quant/Document/project/go-dango-gin/pkg/database/curd.go:278
[1.553ms] [rows:3] SELECT * FROM "customer_permission" WHERE id in (1,2,3) ORDER BY id LIMIT 10
 2025/10/16 15:35:10 /home/quant/Document/project/go-dango-gin/pkg/database/curd.go:260
[1.916ms] [rows:1] SELECT count(*) FROM "customer_permission"
 2025/10/16 15:35:10 /home/quant/Document/project/go-dango-gin/pkg/database/curd.go:278
[1.210ms] [rows:10] SELECT * FROM "customer_permission" ORDER BY id LIMIT 10
 2025/10/16 15:37:26 /home/quant/Document/project/go-dango-gin/pkg/database/curd.go:113
[5.510ms] [rows:1] INSERT INTO "customer_permission" ("create_at","update_at","http_url","method","descr","id") VALUES ('2025-10-16 15:37:26.441','2025-10-16 15:37:26.441','/test','GET','测试',8) RETURNING "id"
 2025/10/16 15:38:10 /home/quant/Document/project/go-dango-gin/pkg/database/curd.go:207 record not found
[1.968ms] [rows:0] SELECT * FROM "customer_permission" WHERE "customer_permission"."id" = 0 ORDER BY "customer_permission"."id" LIMIT 1
 2025/10/16 15:38:28 /home/quant/Document/project/go-dango-gin/pkg/database/curd.go:260
[1.690ms] [rows:1] SELECT count(*) FROM "customer_permission"
 2025/10/16 15:38:28 /home/quant/Document/project/go-dango-gin/pkg/database/curd.go:278
[1.598ms] [rows:10] SELECT * FROM "customer_permission" ORDER BY id LIMIT 10
 2025/10/16 15:38:43 /home/quant/Document/project/go-dango-gin/pkg/database/curd.go:207 record not found
[1.800ms] [rows:0] SELECT * FROM "customer_permission" WHERE "customer_permission"."id" = 0 ORDER BY "customer_permission"."id" LIMIT 1
 2025/10/16 15:53:01 /home/quant/Document/project/go-dango-gin/pkg/database/curd.go:207
[4.311ms] [rows:1] SELECT * FROM "customer_permission" WHERE "customer_permission"."id" = 8 ORDER BY "customer_permission"."id" LIMIT 1
 2025/10/16 15:53:57 /home/quant/Document/project/go-dango-gin/pkg/database/curd.go:207
[2.175ms] [rows:1] SELECT * FROM "customer_permission" WHERE "customer_permission"."id" = 8 ORDER BY "customer_permission"."id" LIMIT 1
 2025/10/16 15:54:14 /home/quant/Document/project/go-dango-gin/pkg/database/curd.go:137
[4.211ms] [rows:1] UPDATE "customer_permission" SET "descr"='测试haha',"http_url"='/test/111',"method"='GET' WHERE id = 8
 2025/10/16 15:54:14 /home/quant/Document/project/go-dango-gin/pkg/database/curd.go:207
[1.701ms] [rows:1] SELECT * FROM "customer_permission" WHERE "customer_permission"."id" = 8 ORDER BY "customer_permission"."id" LIMIT 1
 2025/10/16 15:54:26 /home/quant/Document/project/go-dango-gin/pkg/database/curd.go:137
[3.553ms] [rows:1] UPDATE "customer_permission" SET "descr"='测试haha',"http_url"='/test',"method"='GET' WHERE id = 8
 2025/10/16 15:54:26 /home/quant/Document/project/go-dango-gin/pkg/database/curd.go:207
[1.602ms] [rows:1] SELECT * FROM "customer_permission" WHERE "customer_permission"."id" = 8 ORDER BY "customer_permission"."id" LIMIT 1
 2025/10/16 15:55:19 /home/quant/Document/project/go-dango-gin/pkg/database/curd.go:185
[6.450ms] [rows:1] DELETE FROM "customer_permission" WHERE "customer_permission"."id" = 8
 2025/10/16 15:55:47 /home/quant/Document/project/go-dango-gin/pkg/database/curd.go:260
[4.309ms] [rows:1] SELECT count(*) FROM "customer_menu"
 2025/10/16 15:55:47 /home/quant/Document/project/go-dango-gin/pkg/database/curd.go:278
[16.545ms] [rows:0] SELECT * FROM "customer_menu" ORDER BY id LIMIT 10
 2025/10/16 16:10:30 /home/quant/Document/project/go-dango-gin/pkg/database/curd.go:260
[2.076ms] [rows:1] SELECT count(*) FROM "customer_menu"
 2025/10/16 16:10:30 /home/quant/Document/project/go-dango-gin/pkg/database/curd.go:278
[2.464ms] [rows:0] SELECT * FROM "customer_menu" ORDER BY id LIMIT 10
 2025/10/16 16:11:56 /home/quant/Document/project/go-dango-gin/pkg/database/curd.go:207 record not found
[3.198ms] [rows:0] SELECT * FROM "customer_menu" WHERE "customer_menu"."id" = 0 ORDER BY "customer_menu"."id" LIMIT 1
 2025/10/16 16:13:39 /home/quant/Document/project/go-dango-gin/pkg/database/curd.go:278
[2.940ms] [rows:3] SELECT * FROM "customer_permission" WHERE id in (2,4,5) ORDER BY id
 2025/10/16 16:13:39 /home/quant/Document/project/go-dango-gin/pkg/database/curd.go:113 violates foreign key constraint
[25.098ms] [rows:0] INSERT INTO "customer_menu" ("create_at","update_at","path","component","name","meta","arrange_order","is_active","descr","parent_id","id") VALUES ('2025-10-16 16:13:39.32','2025-10-16 16:13:39.32','test1config','@/views/system/test1config','Test1Config','{"title":"测试","icon":""}',10000,true,'',0,1) RETURNING "id"
 2025/10/16 16:16:09 /home/quant/Document/project/go-dango-gin/pkg/database/curd.go:278
[3.495ms] [rows:3] SELECT * FROM "customer_permission" WHERE id in (2,4,5) ORDER BY id
 2025/10/16 16:16:09 /home/quant/Document/project/go-dango-gin/pkg/database/curd.go:113
[85.421ms] [rows:0] INSERT INTO "customer_permission" ("create_at","update_at","http_url","method","descr","id") VALUES ('2025-09-22 14:52:48.26','2025-09-22 14:52:48.26','/api/v1/customer/permission','POST','新增权限',2),('2025-09-22 14:52:48.26','2025-09-22 14:52:48.26','/api/v1/customer/permission/{pk}','PUT','修改单个权限',4),('2025-09-22 14:52:48.26','2025-09-22 14:52:48.26','/api/v1/customer/permission/{pk}','DELETE','删除单个权限',5) ON DUPLICATE KEY UPDATE NOTHING  
 2025/10/16 16:16:09 /home/quant/Document/project/go-dango-gin/pkg/database/curd.go:113 pq: relation "auth_menu_permission" does not exist on sgnode
[3.517ms] [rows:0] INSERT INTO "auth_menu_permission" ("menu_id","permission_id") VALUES (1,2),(1,4),(1,5) ON DUPLICATE KEY UPDATE NOTHING 
 2025/10/16 16:16:09 /home/quant/Document/project/go-dango-gin/pkg/database/curd.go:113 pq: relation "auth_menu_permission" does not exist on sgnode
[92.824ms] [rows:1] INSERT INTO "customer_menu" ("create_at","update_at","path","component","name","meta","arrange_order","is_active","descr","parent_id","id") VALUES ('2025-10-16 16:16:09.004','2025-10-16 16:16:09.004','test1config','@/views/system/test1config','Test1Config','{"title":"测试","icon":""}',10000,true,'',NULL,1) RETURNING "id"
 2025/10/16 16:17:37 /home/quant/Document/project/go-dango-gin/pkg/database/curd.go:278
[4.641ms] [rows:3] SELECT * FROM "customer_permission" WHERE id in (2,4,5) ORDER BY id
 2025/10/16 16:17:37 /home/quant/Document/project/go-dango-gin/pkg/database/curd.go:113
[1.499ms] [rows:0] INSERT INTO "customer_permission" ("create_at","update_at","http_url","method","descr","id") VALUES ('2025-09-22 14:52:48.26','2025-09-22 14:52:48.26','/api/v1/customer/permission','POST','新增权限',2),('2025-09-22 14:52:48.26','2025-09-22 14:52:48.26','/api/v1/customer/permission/{pk}','PUT','修改单个权限',4),('2025-09-22 14:52:48.26','2025-09-22 14:52:48.26','/api/v1/customer/permission/{pk}','DELETE','删除单个权限',5) ON DUPLICATE KEY UPDATE NOTHING  
 2025/10/16 16:17:37 /home/quant/Document/project/go-dango-gin/pkg/database/curd.go:113
[3.268ms] [rows:3] INSERT INTO "customer_menu_permission" ("menu_id","permission_id") VALUES (1,2),(1,4),(1,5) ON DUPLICATE KEY UPDATE NOTHING 
 2025/10/16 16:17:37 /home/quant/Document/project/go-dango-gin/pkg/database/curd.go:113
[8.756ms] [rows:1] INSERT INTO "customer_menu" ("create_at","update_at","path","component","name","meta","arrange_order","is_active","descr","parent_id","id") VALUES ('2025-10-16 16:17:37.546','2025-10-16 16:17:37.546','test1config','@/views/system/test1config','Test1Config','{"title":"测试","icon":""}',10000,true,'',NULL,1) RETURNING "id"
 2025/10/16 16:18:12 /home/quant/Document/project/go-dango-gin/pkg/database/curd.go:207
[3.296ms] [rows:1] SELECT * FROM "customer_menu" WHERE "customer_menu"."id" = 1 ORDER BY "customer_menu"."id" LIMIT 1
 2025/10/16 16:19:13 /home/quant/Document/project/go-dango-gin/pkg/database/curd.go:207
[4.053ms] [rows:1] SELECT * FROM "customer_menu" WHERE "customer_menu"."id" = 1 ORDER BY "customer_menu"."id" LIMIT 1
 2025/10/16 16:19:13 /home/quant/Document/project/go-dango-gin/pkg/database/curd.go:278
[2.204ms] [rows:2] SELECT * FROM "customer_permission" WHERE id in (2,5) ORDER BY id
 2025/10/16 16:19:13 /home/quant/Document/project/go-dango-gin/pkg/database/curd.go:113
[1.563ms] [rows:0] INSERT INTO "customer_menu" ("create_at","update_at","path","component","name","meta","arrange_order","is_active","descr","parent_id","id") VALUES ('2025-10-16 16:17:37.546','2025-10-16 16:17:37.546','test1config','@/views/system/test1config','Test1Config','{"title":"测试","icon":""}',10000,true,'',NULL,1) ON DUPLICATE KEY UPDATE NOTHING  
 2025/10/16 16:19:13 /home/quant/Document/project/go-dango-gin/pkg/database/curd.go:113
[0.961ms] [rows:0] INSERT INTO "customer_permission" ("create_at","update_at","http_url","method","descr","id") VALUES ('2025-09-22 14:52:48.26','2025-09-22 14:52:48.26','/api/v1/customer/permission','POST','新增权限',2),('2025-09-22 14:52:48.26','2025-09-22 14:52:48.26','/api/v1/customer/permission/{pk}','DELETE','删除单个权限',5) ON DUPLICATE KEY UPDATE NOTHING  
 2025/10/16 16:19:13 /home/quant/Document/project/go-dango-gin/pkg/database/curd.go:113
[1.059ms] [rows:2] INSERT INTO "customer_menu_permission" ("menu_id","permission_id") VALUES (2,2),(2,5) ON DUPLICATE KEY UPDATE NOTHING 
 2025/10/16 16:19:13 /home/quant/Document/project/go-dango-gin/pkg/database/curd.go:113
[7.787ms] [rows:1] INSERT INTO "customer_menu" ("create_at","update_at","path","component","name","meta","arrange_order","is_active","descr","parent_id","id") VALUES ('2025-10-16 16:19:13.044','2025-10-16 16:19:13.044','test2config','@/views/system/test2config','Test2Config','{"title":"测试","icon":""}',10000,true,'',1,2) RETURNING "id"
 2025/10/16 16:21:23 /home/quant/Document/project/go-dango-gin/pkg/database/curd.go:278
[1.893ms] [rows:3] SELECT * FROM "customer_permission" WHERE id in (2,12,13) ORDER BY id
 2025/10/16 16:21:23 /home/quant/Document/project/go-dango-gin/pkg/database/curd.go:152 sql: converting argument $5 type: unsupported type biz.Meta, a struct
[0.040ms] [rows:0] UPDATE "customer_menu" SET "arrange_order"=10000,"component"='@/views/system/test2config',"descr"='',"is_active"=true,"meta"='{测试 }',"name"='Test2Config',"parent_id"=0,"path"='test2config' WHERE id = 2
 2025/10/16 16:23:36 /home/quant/Document/project/go-dango-gin/pkg/database/curd.go:278
[3.657ms] [rows:3] SELECT * FROM "customer_permission" WHERE id in (2,12,13) ORDER BY id
 2025/10/16 16:23:36 /home/quant/Document/project/go-dango-gin/pkg/database/curd.go:152 pq: invalid input syntax for type json
[6.043ms] [rows:0] UPDATE "customer_menu" SET "arrange_order"=10000,"component"='@/views/system/test2config',"descr"='',"is_active"=true,"meta"='{"icon":,"title":测试}',"name"='Test2Config',"parent_id"=0,"path"='test2config' WHERE id = 2
 2025/10/16 16:25:50 /home/quant/Document/project/go-dango-gin/pkg/database/curd.go:278
[3.742ms] [rows:3] SELECT * FROM "customer_permission" WHERE id in (2,12,13) ORDER BY id
 2025/10/16 16:25:50 /home/quant/Document/project/go-dango-gin/pkg/database/curd.go:152 violates foreign key constraint
[9.370ms] [rows:0] UPDATE "customer_menu" SET "arrange_order"=10000,"component"='@/views/system/test2config',"descr"='',"is_active"=true,"meta"='{"title":"测试","icon":""}',"name"='Test2Config',"parent_id"=0,"path"='test2config' WHERE id = 2
 2025/10/16 16:34:46 /home/quant/Document/project/go-dango-gin/pkg/database/curd.go:278
[3.701ms] [rows:3] SELECT * FROM "customer_permission" WHERE id in (2,12,13) ORDER BY id
 2025/10/16 16:34:46 /home/quant/Document/project/go-dango-gin/pkg/database/curd.go:152
[3.032ms] [rows:1] UPDATE "customer_menu" SET "arrange_order"=10000,"component"='@/views/system/test2config',"descr"='',"is_active"=true,"meta"='{"title":"测试","icon":""}',"name"='Test2Config',"parent_id"=NULL,"path"='test2config' WHERE id = 2
 2025/10/16 16:34:46 /home/quant/Document/project/go-dango-gin/pkg/database/curd.go:93
[1.621ms] [rows:0] INSERT INTO "customer_permission" ("create_at","update_at","http_url","method","descr","id") VALUES ('2025-09-22 14:52:48.26','2025-09-22 14:52:48.26','/api/v1/customer/permission','POST','新增权限',2),('2025-09-22 14:52:48.261','2025-09-22 14:52:48.261','/api/v1/customer/menu','POST','新增菜单',12),('2025-09-22 14:52:48.261','2025-09-22 14:52:48.261','/api/v1/customer/menu/{pk}','GET','查询单个菜单',13) ON DUPLICATE KEY UPDATE NOTHING  
 2025/10/16 16:34:46 /home/quant/Document/project/go-dango-gin/pkg/database/curd.go:93 violates foreign key constraint
[6.741ms] [rows:0] INSERT INTO "customer_menu_permission" ("menu_id","permission_id") VALUES (0,2),(0,12),(0,13) ON DUPLICATE KEY UPDATE NOTHING 
 2025/10/16 16:40:55 /home/quant/Document/project/go-dango-gin/pkg/database/curd.go:260
[3.471ms] [rows:1] SELECT count(*) FROM "customer_menu"
 2025/10/16 16:40:55 /home/quant/Document/project/go-dango-gin/pkg/database/curd.go:278
[2.945ms] [rows:2] SELECT * FROM "customer_menu" ORDER BY id LIMIT 10
 2025/10/16 16:41:12 /home/quant/Document/project/go-dango-gin/pkg/database/curd.go:278
[3.613ms] [rows:3] SELECT * FROM "customer_permission" WHERE id in (2,12,13) ORDER BY id
 2025/10/16 16:42:54 /home/quant/Document/project/go-dango-gin/pkg/database/curd.go:278
[3.483ms] [rows:3] SELECT * FROM "customer_permission" WHERE id in (2,12,13) ORDER BY id
 2025/10/16 16:42:54 /home/quant/Document/project/go-dango-gin/pkg/database/curd.go:152
[3.272ms] [rows:1] UPDATE "customer_menu" SET "arrange_order"=10000,"component"='@/views/system/test2config',"descr"='',"is_active"=true,"meta"='{"title":"测试","icon":""}',"name"='Test2Config',"parent_id"=NULL,"path"='test2config' WHERE id = 2
 2025/10/16 16:42:54 /home/quant/Document/project/go-dango-gin/pkg/database/curd.go:93
[1.768ms] [rows:0] INSERT INTO "customer_permission" ("create_at","update_at","http_url","method","descr","id") VALUES ('2025-09-22 14:52:48.26','2025-09-22 14:52:48.26','/api/v1/customer/permission','POST','新增权限',2),('2025-09-22 14:52:48.261','2025-09-22 14:52:48.261','/api/v1/customer/menu','POST','新增菜单',12),('2025-09-22 14:52:48.261','2025-09-22 14:52:48.261','/api/v1/customer/menu/{pk}','GET','查询单个菜单',13) ON DUPLICATE KEY UPDATE NOTHING  
 2025/10/16 16:42:54 /home/quant/Document/project/go-dango-gin/pkg/database/curd.go:93 violates foreign key constraint
[6.765ms] [rows:0] INSERT INTO "customer_menu_permission" ("menu_id","permission_id") VALUES (0,2),(0,12),(0,13) ON DUPLICATE KEY UPDATE NOTHING 
 2025/10/16 16:46:31 /home/quant/Document/project/go-dango-gin/pkg/database/curd.go:278
[3.392ms] [rows:3] SELECT * FROM "customer_permission" WHERE id in (2,12,13) ORDER BY id
 2025/10/16 16:46:31 /home/quant/Document/project/go-dango-gin/pkg/database/curd.go:152
[2.830ms] [rows:1] UPDATE "customer_menu" SET "arrange_order"=10000,"component"='@/views/system/test2config',"descr"='',"is_active"=true,"meta"='{"title":"测试","icon":""}',"name"='Test2Config',"path"='test2config' WHERE id = 2
 2025/10/16 16:46:31 /home/quant/Document/project/go-dango-gin/pkg/database/curd.go:93
[1.399ms] [rows:0] INSERT INTO "customer_permission" ("create_at","update_at","http_url","method","descr","id") VALUES ('2025-09-22 14:52:48.26','2025-09-22 14:52:48.26','/api/v1/customer/permission','POST','新增权限',2),('2025-09-22 14:52:48.261','2025-09-22 14:52:48.261','/api/v1/customer/menu','POST','新增菜单',12),('2025-09-22 14:52:48.261','2025-09-22 14:52:48.261','/api/v1/customer/menu/{pk}','GET','查询单个菜单',13) ON DUPLICATE KEY UPDATE NOTHING  
 2025/10/16 16:46:31 /home/quant/Document/project/go-dango-gin/pkg/database/curd.go:93 violates foreign key constraint
[7.626ms] [rows:0] INSERT INTO "customer_menu_permission" ("menu_id","permission_id") VALUES (0,2),(0,12),(0,13) ON DUPLICATE KEY UPDATE NOTHING 
 2025/10/16 16:47:48 /home/quant/Document/project/go-dango-gin/pkg/database/curd.go:278
[3.529ms] [rows:3] SELECT * FROM "customer_permission" WHERE id in (2,12,13) ORDER BY id
 2025/10/16 16:47:48 /home/quant/Document/project/go-dango-gin/pkg/database/curd.go:152
[2.925ms] [rows:1] UPDATE "customer_menu" SET "arrange_order"=10000,"component"='@/views/system/test2config',"descr"='',"is_active"=true,"meta"='{"title":"测试","icon":""}',"name"='Test2Config',"parent_id"=NULL,"path"='test2config' WHERE id = 2
 2025/10/16 16:47:48 /home/quant/Document/project/go-dango-gin/pkg/database/curd.go:93
[1.664ms] [rows:0] INSERT INTO "customer_permission" ("create_at","update_at","http_url","method","descr","id") VALUES ('2025-09-22 14:52:48.26','2025-09-22 14:52:48.26','/api/v1/customer/permission','POST','新增权限',2),('2025-09-22 14:52:48.261','2025-09-22 14:52:48.261','/api/v1/customer/menu','POST','新增菜单',12),('2025-09-22 14:52:48.261','2025-09-22 14:52:48.261','/api/v1/customer/menu/{pk}','GET','查询单个菜单',13) ON DUPLICATE KEY UPDATE NOTHING  
 2025/10/16 16:47:48 /home/quant/Document/project/go-dango-gin/pkg/database/curd.go:93 violates foreign key constraint
[7.204ms] [rows:0] INSERT INTO "customer_menu_permission" ("menu_id","permission_id") VALUES (0,2),(0,12),(0,13) ON DUPLICATE KEY UPDATE NOTHING 
 2025/10/16 16:53:10 /home/quant/Document/project/go-dango-gin/pkg/database/curd.go:278
[3.857ms] [rows:3] SELECT * FROM "customer_permission" WHERE id in (2,12,13) ORDER BY id
 2025/10/16 16:53:10 /home/quant/Document/project/go-dango-gin/pkg/database/curd.go:152
[2.884ms] [rows:1] UPDATE "customer_menu" SET "arrange_order"=10000,"component"='@/views/system/test2config',"descr"='',"is_active"=true,"meta"='{"title":"测试","icon":""}',"name"='Test2Config',"parent_id"=NULL,"path"='test2config',"id"=2 WHERE id = 2
 2025/10/16 16:53:10 /home/quant/Document/project/go-dango-gin/pkg/database/curd.go:93
[1.659ms] [rows:0] INSERT INTO "customer_permission" ("create_at","update_at","http_url","method","descr","id") VALUES ('2025-09-22 14:52:48.26','2025-09-22 14:52:48.26','/api/v1/customer/permission','POST','新增权限',2),('2025-09-22 14:52:48.261','2025-09-22 14:52:48.261','/api/v1/customer/menu','POST','新增菜单',12),('2025-09-22 14:52:48.261','2025-09-22 14:52:48.261','/api/v1/customer/menu/{pk}','GET','查询单个菜单',13) ON DUPLICATE KEY UPDATE NOTHING  
 2025/10/16 16:53:10 /home/quant/Document/project/go-dango-gin/pkg/database/curd.go:93
[2.897ms] [rows:2] INSERT INTO "customer_menu_permission" ("menu_id","permission_id") VALUES (2,2),(2,12),(2,13) ON DUPLICATE KEY UPDATE NOTHING 
 2025/10/16 16:53:10 /home/quant/Document/project/go-dango-gin/pkg/database/curd.go:93
[1.873ms] [rows:1] DELETE FROM "customer_menu_permission" WHERE "customer_menu_permission"."menu_id" = 2 AND "customer_menu_permission"."permission_id" NOT IN (2,12,13)
 2025/10/16 16:53:10 /home/quant/Document/project/go-dango-gin/pkg/database/curd.go:207
[0.884ms] [rows:3] SELECT * FROM "customer_menu_permission" WHERE "customer_menu_permission"."menu_id" = 2
 2025/10/16 16:53:10 /home/quant/Document/project/go-dango-gin/pkg/database/curd.go:207
[0.891ms] [rows:3] SELECT * FROM "customer_permission" WHERE "customer_permission"."id" IN (2,12,13)
 2025/10/16 16:53:10 /home/quant/Document/project/go-dango-gin/pkg/database/curd.go:207
[3.432ms] [rows:1] SELECT * FROM "customer_menu" WHERE "customer_menu"."id" = 2 ORDER BY "customer_menu"."id" LIMIT 1
 2025/10/16 16:54:20 /home/quant/Document/project/go-dango-gin/pkg/database/curd.go:207
[2.104ms] [rows:1] SELECT * FROM "customer_menu" WHERE "customer_menu"."id" = 2 ORDER BY "customer_menu"."id" LIMIT 1
 2025/10/16 16:54:26 /home/quant/Document/project/go-dango-gin/pkg/database/curd.go:185
[7.103ms] [rows:1] DELETE FROM "customer_menu" WHERE "customer_menu"."id" = 2
 2025/10/16 16:54:43 /home/quant/Document/project/go-dango-gin/pkg/database/curd.go:207
[1.987ms] [rows:1] SELECT * FROM "customer_menu" WHERE "customer_menu"."id" = 1 ORDER BY "customer_menu"."id" LIMIT 1
 2025/10/16 16:54:43 /home/quant/Document/project/go-dango-gin/pkg/database/curd.go:278
[1.776ms] [rows:2] SELECT * FROM "customer_permission" WHERE id in (2,5) ORDER BY id
 2025/10/16 16:54:43 /home/quant/Document/project/go-dango-gin/pkg/database/curd.go:113
[1.593ms] [rows:0] INSERT INTO "customer_menu" ("create_at","update_at","path","component","name","meta","arrange_order","is_active","descr","parent_id","id") VALUES ('2025-10-16 16:17:37.546','2025-10-16 16:17:37.546','test1config','@/views/system/test1config','Test1Config','{"title":"测试","icon":""}',10000,true,'',NULL,1) ON DUPLICATE KEY UPDATE NOTHING  
 2025/10/16 16:54:43 /home/quant/Document/project/go-dango-gin/pkg/database/curd.go:113
[1.442ms] [rows:0] INSERT INTO "customer_permission" ("create_at","update_at","http_url","method","descr","id") VALUES ('2025-09-22 14:52:48.26','2025-09-22 14:52:48.26','/api/v1/customer/permission','POST','新增权限',2),('2025-09-22 14:52:48.26','2025-09-22 14:52:48.26','/api/v1/customer/permission/{pk}','DELETE','删除单个权限',5) ON DUPLICATE KEY UPDATE NOTHING  
 2025/10/16 16:54:43 /home/quant/Document/project/go-dango-gin/pkg/database/curd.go:113
[1.578ms] [rows:2] INSERT INTO "customer_menu_permission" ("menu_id","permission_id") VALUES (2,2),(2,5) ON DUPLICATE KEY UPDATE NOTHING 
 2025/10/16 16:54:43 /home/quant/Document/project/go-dango-gin/pkg/database/curd.go:113
[8.190ms] [rows:1] INSERT INTO "customer_menu" ("create_at","update_at","path","component","name","meta","arrange_order","is_active","descr","parent_id","id") VALUES ('2025-10-16 16:54:43.811','2025-10-16 16:54:43.811','test2config','@/views/system/test2config','Test2Config','{"title":"测试","icon":""}',10000,true,'',1,2) RETURNING "id"
 2025/10/16 16:56:44 /home/quant/Document/project/go-dango-gin/pkg/database/curd.go:260
[1.977ms] [rows:1] SELECT count(*) FROM "customer_menu"
 2025/10/16 16:56:44 /home/quant/Document/project/go-dango-gin/pkg/database/curd.go:278
[1.674ms] [rows:2] SELECT * FROM "customer_menu" ORDER BY id LIMIT 10
 2025/10/16 17:00:10 /home/quant/Document/project/go-dango-gin/pkg/database/curd.go:260
[3.363ms] [rows:1] SELECT count(*) FROM "customer_button"
 2025/10/16 17:00:10 /home/quant/Document/project/go-dango-gin/pkg/database/curd.go:278
[8.290ms] [rows:0] SELECT * FROM "customer_button" ORDER BY id LIMIT 10
 2025/10/16 17:01:26 /home/quant/Document/project/go-dango-gin/pkg/database/curd.go:207
[3.928ms] [rows:1] SELECT * FROM "customer_menu" WHERE "customer_menu"."id" = 1 ORDER BY "customer_menu"."id" LIMIT 1
 2025/10/16 17:01:26 /home/quant/Document/project/go-dango-gin/pkg/database/curd.go:278
[2.898ms] [rows:2] SELECT * FROM "customer_permission" WHERE id in (11,12) ORDER BY id
 2025/10/16 17:01:26 /home/quant/Document/project/go-dango-gin/pkg/database/curd.go:113
[1.826ms] [rows:0] INSERT INTO "customer_menu" ("create_at","update_at","path","component","name","meta","arrange_order","is_active","descr","parent_id","id") VALUES ('2025-10-16 16:17:37.546','2025-10-16 16:17:37.546','test1config','@/views/system/test1config','Test1Config','{"title":"测试","icon":""}',10000,true,'',NULL,1) ON DUPLICATE KEY UPDATE NOTHING  
 2025/10/16 17:01:26 /home/quant/Document/project/go-dango-gin/pkg/database/curd.go:113
[2.029ms] [rows:0] INSERT INTO "customer_permission" ("create_at","update_at","http_url","method","descr","id") VALUES ('2025-09-22 14:52:48.261','2025-09-22 14:52:48.261','/api/v1/customer/menu','GET','查询所有菜单',11),('2025-09-22 14:52:48.261','2025-09-22 14:52:48.261','/api/v1/customer/menu','POST','新增菜单',12) ON DUPLICATE KEY UPDATE NOTHING  
 2025/10/16 17:01:26 /home/quant/Document/project/go-dango-gin/pkg/database/curd.go:113
[3.331ms] [rows:2] INSERT INTO "customer_button_permission" ("button_id","permission_id") VALUES (1,11),(1,12) ON DUPLICATE KEY UPDATE NOTHING 
 2025/10/16 17:01:26 /home/quant/Document/project/go-dango-gin/pkg/database/curd.go:113
[20.501ms] [rows:1] INSERT INTO "customer_button" ("create_at","update_at","name","arrange_order","is_active","descr","menu_id","id") VALUES ('2025-10-16 17:01:26.58','2025-10-16 17:01:26.58','nodesconfigAdd',10000,true,'',1,1) RETURNING "id"
 2025/10/16 17:02:23 /home/quant/Document/project/go-dango-gin/pkg/database/curd.go:207
[1.467ms] [rows:1] SELECT * FROM "customer_menu" WHERE "customer_menu"."id" = 1
 2025/10/16 17:02:23 /home/quant/Document/project/go-dango-gin/pkg/database/curd.go:207
[1.588ms] [rows:2] SELECT * FROM "customer_button_permission" WHERE "customer_button_permission"."button_id" = 1
 2025/10/16 17:02:23 /home/quant/Document/project/go-dango-gin/pkg/database/curd.go:207
[1.527ms] [rows:2] SELECT * FROM "customer_permission" WHERE "customer_permission"."id" IN (11,12)
 2025/10/16 17:02:23 /home/quant/Document/project/go-dango-gin/pkg/database/curd.go:207
[6.924ms] [rows:1] SELECT * FROM "customer_button" WHERE "customer_button"."id" = 1 ORDER BY "customer_button"."id" LIMIT 1
 2025/10/16 17:02:37 /home/quant/Document/project/go-dango-gin/pkg/database/curd.go:260
[1.511ms] [rows:1] SELECT count(*) FROM "customer_button"
 2025/10/16 17:02:37 /home/quant/Document/project/go-dango-gin/pkg/database/curd.go:278
[1.537ms] [rows:1] SELECT * FROM "customer_button" ORDER BY id LIMIT 10
 2025/10/16 17:03:32 /home/quant/Document/project/go-dango-gin/pkg/database/curd.go:278
[1.495ms] [rows:2] SELECT * FROM "customer_permission" WHERE id in (11,12) ORDER BY id
 2025/10/16 17:03:32 /home/quant/Document/project/go-dango-gin/pkg/database/curd.go:152
[1.005ms] [rows:1] UPDATE "customer_button" SET "arrange_order"=10000,"descr"='',"is_active"=true,"name"='nodescigAdd' WHERE id = 1
 2025/10/16 17:03:32 /home/quant/Document/project/go-dango-gin/pkg/database/curd.go:93
[1.293ms] [rows:0] INSERT INTO "customer_permission" ("create_at","update_at","http_url","method","descr","id") VALUES ('2025-09-22 14:52:48.261','2025-09-22 14:52:48.261','/api/v1/customer/menu','GET','查询所有菜单',11),('2025-09-22 14:52:48.261','2025-09-22 14:52:48.261','/api/v1/customer/menu','POST','新增菜单',12) ON DUPLICATE KEY UPDATE NOTHING  
 2025/10/16 17:03:32 /home/quant/Document/project/go-dango-gin/pkg/database/curd.go:93 violates foreign key constraint
[3.244ms] [rows:0] INSERT INTO "customer_button_permission" ("button_id","permission_id") VALUES (0,11),(0,12) ON DUPLICATE KEY UPDATE NOTHING 
 2025/10/16 17:05:42 /home/quant/Document/project/go-dango-gin/pkg/database/curd.go:278
[3.916ms] [rows:2] SELECT * FROM "customer_permission" WHERE id in (11,12) ORDER BY id
 2025/10/16 17:05:42 /home/quant/Document/project/go-dango-gin/pkg/database/curd.go:152
[2.995ms] [rows:1] UPDATE "customer_button" SET "arrange_order"=10000,"descr"='',"is_active"=true,"name"='nodescigAdd',"id"=1 WHERE id = 1
 2025/10/16 17:05:42 /home/quant/Document/project/go-dango-gin/pkg/database/curd.go:93
[1.510ms] [rows:0] INSERT INTO "customer_permission" ("create_at","update_at","http_url","method","descr","id") VALUES ('2025-09-22 14:52:48.261','2025-09-22 14:52:48.261','/api/v1/customer/menu','GET','查询所有菜单',11),('2025-09-22 14:52:48.261','2025-09-22 14:52:48.261','/api/v1/customer/menu','POST','新增菜单',12) ON DUPLICATE KEY UPDATE NOTHING  
 2025/10/16 17:05:42 /home/quant/Document/project/go-dango-gin/pkg/database/curd.go:93
[1.202ms] [rows:0] INSERT INTO "customer_button_permission" ("button_id","permission_id") VALUES (1,11),(1,12) ON DUPLICATE KEY UPDATE NOTHING 
 2025/10/16 17:05:42 /home/quant/Document/project/go-dango-gin/pkg/database/curd.go:93
[1.458ms] [rows:0] DELETE FROM "customer_button_permission" WHERE "customer_button_permission"."button_id" = 1 AND "customer_button_permission"."permission_id" NOT IN (11,12)
 2025/10/16 17:05:42 /home/quant/Document/project/go-dango-gin/pkg/database/curd.go:207
[1.465ms] [rows:1] SELECT * FROM "customer_menu" WHERE "customer_menu"."id" = 1
 2025/10/16 17:05:42 /home/quant/Document/project/go-dango-gin/pkg/database/curd.go:207
[0.988ms] [rows:2] SELECT * FROM "customer_button_permission" WHERE "customer_button_permission"."button_id" = 1
 2025/10/16 17:05:42 /home/quant/Document/project/go-dango-gin/pkg/database/curd.go:207
[0.976ms] [rows:2] SELECT * FROM "customer_permission" WHERE "customer_permission"."id" IN (11,12)
 2025/10/16 17:05:42 /home/quant/Document/project/go-dango-gin/pkg/database/curd.go:207
[4.728ms] [rows:1] SELECT * FROM "customer_button" WHERE "customer_button"."id" = 1 ORDER BY "customer_button"."id" LIMIT 1
 2025/10/16 17:06:11 /home/quant/Document/project/go-dango-gin/pkg/database/curd.go:207
[7.099ms] [rows:1] SELECT * FROM "customer_menu" WHERE "customer_menu"."id" = 1
 2025/10/16 17:06:11 /home/quant/Document/project/go-dango-gin/pkg/database/curd.go:207
[6.879ms] [rows:2] SELECT * FROM "customer_button_permission" WHERE "customer_button_permission"."button_id" = 1
 2025/10/16 17:06:11 /home/quant/Document/project/go-dango-gin/pkg/database/curd.go:207
[6.990ms] [rows:2] SELECT * FROM "customer_permission" WHERE "customer_permission"."id" IN (11,12)
 2025/10/16 17:06:11 /home/quant/Document/project/go-dango-gin/pkg/database/curd.go:207
[30.294ms] [rows:1] SELECT * FROM "customer_button" WHERE "customer_button"."id" = 1 ORDER BY "customer_button"."id" LIMIT 1
 2025/10/16 17:06:17 /home/quant/Document/project/go-dango-gin/pkg/database/curd.go:185
[7.255ms] [rows:1] DELETE FROM "customer_button" WHERE "customer_button"."id" = 1
 2025/10/16 17:06:59 /home/quant/Document/project/go-dango-gin/pkg/database/curd.go:260
[2.915ms] [rows:1] SELECT count(*) FROM "customer_role"
 2025/10/16 17:06:59 /home/quant/Document/project/go-dango-gin/pkg/database/curd.go:278
[2.181ms] [rows:1] SELECT * FROM "customer_role" ORDER BY id LIMIT 10
 2025/10/16 17:08:57 /home/quant/Document/project/go-dango-gin/pkg/database/curd.go:278
[2.339ms] [rows:0] SELECT * FROM "customer_permission" WHERE id in (NULL) ORDER BY id
 2025/10/16 17:08:57 /home/quant/Document/project/go-dango-gin/pkg/database/curd.go:278
[1.339ms] [rows:0] SELECT * FROM "customer_menu" WHERE id in (NULL) ORDER BY id
 2025/10/16 17:08:57 /home/quant/Document/project/go-dango-gin/pkg/database/curd.go:278
[1.084ms] [rows:0] SELECT * FROM "customer_button" WHERE id in (NULL) ORDER BY id
 2025/10/16 17:08:57 /home/quant/Document/project/go-dango-gin/pkg/database/curd.go:113
[4.021ms] [rows:1] INSERT INTO "customer_role" ("create_at","update_at","name","descr") VALUES ('2025-10-16 17:08:57.231','2025-10-16 17:08:57.231','test','测试角色') RETURNING "id"
 2025/10/16 17:08:57 /home/quant/Document/project/go-dango-gin/internal/customer/data/role.go:118
[5.012ms] [rows:0] 
		SELECT DISTINCT p.*
		FROM customer_permission p
		WHERE p.id IN (
			SELECT rp.permission_id
			FROM customer_role_permission rp
			WHERE rp.role_id = 2
			
			UNION
			
			SELECT mp.permission_id
			FROM customer_role_menu rm
			JOIN customer_menu_permission mp ON rm.menu_id = mp.menu_id
			WHERE rm.role_id = 2
			
			UNION
			
			SELECT bp.permission_id
			FROM customer_role_button rb
			JOIN customer_button_permission bp ON rb.button_id = bp.button_id
			WHERE rb.role_id = 2
		)
 2025/10/16 17:57:54 /home/quant/Document/project/go-dango-gin/pkg/database/curd.go:278
[1.856ms] [rows:0] SELECT * FROM "customer_permission" WHERE id in (NULL) ORDER BY id
 2025/10/16 17:57:54 /home/quant/Document/project/go-dango-gin/pkg/database/curd.go:278
[1.799ms] [rows:0] SELECT * FROM "customer_menu" WHERE id in (NULL) ORDER BY id
 2025/10/16 17:57:54 /home/quant/Document/project/go-dango-gin/pkg/database/curd.go:278
[1.905ms] [rows:0] SELECT * FROM "customer_button" WHERE id in (NULL) ORDER BY id
 2025/10/16 17:57:54 /home/quant/Document/project/go-dango-gin/pkg/database/curd.go:113 duplicated key not allowed
[18.221ms] [rows:0] INSERT INTO "customer_role" ("create_at","update_at","name","descr") VALUES ('2025-10-16 17:57:54.625','2025-10-16 17:57:54.625','test','测试角色') RETURNING "id"
 2025/10/16 18:02:05 /home/quant/Document/project/go-dango-gin/pkg/database/curd.go:278
[2.381ms] [rows:0] SELECT * FROM "customer_permission" WHERE id in (NULL) ORDER BY id
 2025/10/16 18:02:05 /home/quant/Document/project/go-dango-gin/pkg/database/curd.go:278
[1.296ms] [rows:0] SELECT * FROM "customer_menu" WHERE id in (NULL) ORDER BY id
 2025/10/16 18:02:05 /home/quant/Document/project/go-dango-gin/pkg/database/curd.go:278
[0.911ms] [rows:0] SELECT * FROM "customer_button" WHERE id in (NULL) ORDER BY id
 2025/10/16 18:02:05 /home/quant/Document/project/go-dango-gin/pkg/database/curd.go:113 duplicated key not allowed
[16.137ms] [rows:0] INSERT INTO "customer_role" ("create_at","update_at","name","descr") VALUES ('2025-10-16 18:02:05.786','2025-10-16 18:02:05.786','test','测试角色') RETURNING "id"
 2025/10/16 18:06:41 /home/quant/Document/project/go-dango-gin/pkg/database/curd.go:207
[1.774ms] [rows:0] SELECT * FROM "customer_role_button" WHERE "customer_role_button"."role_id" = 1
 2025/10/16 18:06:41 /home/quant/Document/project/go-dango-gin/pkg/database/curd.go:207
[1.712ms] [rows:0] SELECT * FROM "customer_role_menu" WHERE "customer_role_menu"."role_id" = 1
 2025/10/16 18:06:41 /home/quant/Document/project/go-dango-gin/pkg/database/curd.go:207
[1.870ms] [rows:111] SELECT * FROM "customer_role_permission" WHERE "customer_role_permission"."role_id" = 1
 2025/10/16 18:06:41 /home/quant/Document/project/go-dango-gin/pkg/database/curd.go:207
[3.317ms] [rows:111] SELECT * FROM "customer_permission" WHERE "customer_permission"."id" IN (1024,1,2,3,4,5,1025,11,12,13,14,15,21,22,23,24,25,1051,1052,1053,31,32,33,34,35,36,1055,1056,41,42,43,44,45,46,47,51,52,53,54,55,61,62,63,64,65,66,5001,5002,5003,5004,5005,5006,5011,5012,5013,5014,5015,5021,5022,4001,4002,4003,4004,4005,4006,5025,5026,4011,4012,4013,4014,4015,4021,4022,3001,3002,3003,3004,3005,4025,4026,2001,2002,2003,2004,2005,2006,2011,2012,2013,2017,2018,2019,2021,2022,2023,2024,2025,2026,2031,2032,1011,1012,1013,1014,1015,2035,2036,1021,1022,1023)
 2025/10/16 18:06:41 /home/quant/Document/project/go-dango-gin/pkg/database/curd.go:207
[13.762ms] [rows:1] SELECT * FROM "customer_role" WHERE "customer_role"."id" = 1 ORDER BY "customer_role"."id" LIMIT 1
 2025/10/16 18:07:39 /home/quant/Document/project/go-dango-gin/pkg/database/curd.go:185
[7.300ms] [rows:1] DELETE FROM "customer_role" WHERE "customer_role"."id" = 2
 2025/10/16 18:08:00 /home/quant/Document/project/go-dango-gin/pkg/database/curd.go:113
[6.054ms] [rows:1] INSERT INTO "customer_role" ("create_at","update_at","name","descr") VALUES ('2025-10-16 18:08:00.4','2025-10-16 18:08:00.4','test','测试角色') RETURNING "id"
 2025/10/16 18:08:00 /home/quant/Document/project/go-dango-gin/internal/customer/data/role.go:120
[7.022ms] [rows:0] 
		SELECT DISTINCT p.*
		FROM customer_permission p
		WHERE p.id IN (
			SELECT rp.permission_id
			FROM customer_role_permission rp
			WHERE rp.role_id = 5
			
			UNION
			
			SELECT mp.permission_id
			FROM customer_role_menu rm
			JOIN customer_menu_permission mp ON rm.menu_id = mp.menu_id
			WHERE rm.role_id = 5
			
			UNION
			
			SELECT bp.permission_id
			FROM customer_role_button rb
			JOIN customer_button_permission bp ON rb.button_id = bp.button_id
			WHERE rb.role_id = 5
		)
 2025/10/16 18:08:28 /home/quant/Document/project/go-dango-gin/pkg/database/curd.go:137
[4.647ms] [rows:1] UPDATE "customer_role" SET "descr"='测试角色',"name"='test',"id"=5 WHERE id = 5
 2025/10/16 18:08:28 /home/quant/Document/project/go-dango-gin/internal/customer/data/role.go:120
[4.776ms] [rows:0] 
		SELECT DISTINCT p.*
		FROM customer_permission p
		WHERE p.id IN (
			SELECT rp.permission_id
			FROM customer_role_permission rp
			WHERE rp.role_id = 5
			
			UNION
			
			SELECT mp.permission_id
			FROM customer_role_menu rm
			JOIN customer_menu_permission mp ON rm.menu_id = mp.menu_id
			WHERE rm.role_id = 5
			
			UNION
			
			SELECT bp.permission_id
			FROM customer_role_button rb
			JOIN customer_button_permission bp ON rb.button_id = bp.button_id
			WHERE rb.role_id = 5
		)
 2025/10/16 18:08:28 /home/quant/Document/project/go-dango-gin/pkg/database/curd.go:207
[1.209ms] [rows:0] SELECT * FROM "customer_role_button" WHERE "customer_role_button"."role_id" = 5
 2025/10/16 18:08:28 /home/quant/Document/project/go-dango-gin/pkg/database/curd.go:207
[1.231ms] [rows:0] SELECT * FROM "customer_role_menu" WHERE "customer_role_menu"."role_id" = 5
 2025/10/16 18:08:28 /home/quant/Document/project/go-dango-gin/pkg/database/curd.go:207
[1.045ms] [rows:0] SELECT * FROM "customer_role_permission" WHERE "customer_role_permission"."role_id" = 5
 2025/10/16 18:08:28 /home/quant/Document/project/go-dango-gin/pkg/database/curd.go:207
[5.171ms] [rows:1] SELECT * FROM "customer_role" WHERE "customer_role"."id" = 5 ORDER BY "customer_role"."id" LIMIT 1
 2025/10/17 08:52:05 /home/quant/Document/project/go-dango-gin/pkg/database/curd.go:260
[3.821ms] [rows:1] SELECT count(*) FROM "customer_role"
 2025/10/17 08:52:05 /home/quant/Document/project/go-dango-gin/pkg/database/curd.go:278
[2.625ms] [rows:2] SELECT * FROM "customer_role" ORDER BY id LIMIT 10
 2025/10/17 08:52:13 /home/quant/Document/project/go-dango-gin/pkg/database/curd.go:137
[3.009ms] [rows:1] UPDATE "customer_role" SET "descr"='测试角色',"name"='test',"id"=5 WHERE id = 5
 2025/10/17 08:52:13 /home/quant/Document/project/go-dango-gin/internal/customer/data/role.go:120
[3.155ms] [rows:0] 
		SELECT DISTINCT p.*
		FROM customer_permission p
		WHERE p.id IN (
			SELECT rp.permission_id
			FROM customer_role_permission rp
			WHERE rp.role_id = 5
			
			UNION
			
			SELECT mp.permission_id
			FROM customer_role_menu rm
			JOIN customer_menu_permission mp ON rm.menu_id = mp.menu_id
			WHERE rm.role_id = 5
			
			UNION
			
			SELECT bp.permission_id
			FROM customer_role_button rb
			JOIN customer_button_permission bp ON rb.button_id = bp.button_id
			WHERE rb.role_id = 5
		)
 2025/10/17 08:52:13 /home/quant/Document/project/go-dango-gin/pkg/database/curd.go:207
[0.659ms] [rows:0] SELECT * FROM "customer_role_button" WHERE "customer_role_button"."role_id" = 5
 2025/10/17 08:52:13 /home/quant/Document/project/go-dango-gin/pkg/database/curd.go:207
[0.646ms] [rows:0] SELECT * FROM "customer_role_menu" WHERE "customer_role_menu"."role_id" = 5
 2025/10/17 08:52:13 /home/quant/Document/project/go-dango-gin/pkg/database/curd.go:207
[0.628ms] [rows:0] SELECT * FROM "customer_role_permission" WHERE "customer_role_permission"."role_id" = 5
 2025/10/17 08:52:13 /home/quant/Document/project/go-dango-gin/pkg/database/curd.go:207
[2.933ms] [rows:1] SELECT * FROM "customer_role" WHERE "customer_role"."id" = 5 ORDER BY "customer_role"."id" LIMIT 1
 2025/10/17 08:53:30 /home/quant/Document/project/go-dango-gin/pkg/database/curd.go:278
[1.892ms] [rows:3] SELECT * FROM "customer_permission" WHERE id in (1,2,3) ORDER BY id
 2025/10/17 08:53:30 /home/quant/Document/project/go-dango-gin/pkg/database/curd.go:278
[1.098ms] [rows:1] SELECT * FROM "customer_menu" WHERE id in (1) ORDER BY id
 2025/10/17 08:53:30 /home/quant/Document/project/go-dango-gin/pkg/database/curd.go:152
[0.909ms] [rows:1] UPDATE "customer_role" SET "descr"='测试角色',"name"='test',"id"=5 WHERE id = 5
 2025/10/17 08:53:30 /home/quant/Document/project/go-dango-gin/pkg/database/curd.go:93
[0.940ms] [rows:0] INSERT INTO "customer_permission" ("create_at","update_at","http_url","method","descr","id") VALUES ('2025-09-22 14:52:48.258','2025-09-22 14:52:48.258','/api/v1/customer/permission','GET','查询所有权限',1),('2025-09-22 14:52:48.26','2025-09-22 14:52:48.26','/api/v1/customer/permission','POST','新增权限',2),('2025-09-22 14:52:48.26','2025-09-22 14:52:48.26','/api/v1/customer/permission/{pk}','GET','查询单个权限',3) ON DUPLICATE KEY UPDATE NOTHING  
 2025/10/17 08:53:30 /home/quant/Document/project/go-dango-gin/pkg/database/curd.go:93
[1.995ms] [rows:3] INSERT INTO "customer_role_permission" ("role_id","permission_id") VALUES (5,1),(5,2),(5,3) ON DUPLICATE KEY UPDATE NOTHING 
 2025/10/17 08:53:30 /home/quant/Document/project/go-dango-gin/pkg/database/curd.go:93
[0.791ms] [rows:0] DELETE FROM "customer_role_permission" WHERE "customer_role_permission"."role_id" = 5 AND "customer_role_permission"."permission_id" NOT IN (1,2,3)
 2025/10/17 08:53:30 /home/quant/Document/project/go-dango-gin/pkg/database/curd.go:93
[0.804ms] [rows:0] INSERT INTO "customer_menu" ("create_at","update_at","path","component","name","meta","arrange_order","is_active","descr","parent_id","id") VALUES ('2025-10-16 16:17:37.546','2025-10-16 16:17:37.546','test1config','@/views/system/test1config','Test1Config','{"title":"测试","icon":""}',10000,true,'',NULL,1) ON DUPLICATE KEY UPDATE NOTHING  
 2025/10/17 08:53:30 /home/quant/Document/project/go-dango-gin/pkg/database/curd.go:93
[2.047ms] [rows:1] INSERT INTO "customer_role_menu" ("role_id","menu_id") VALUES (5,1) ON DUPLICATE KEY UPDATE NOTHING 
 2025/10/17 08:53:30 /home/quant/Document/project/go-dango-gin/pkg/database/curd.go:93
[0.818ms] [rows:0] DELETE FROM "customer_role_menu" WHERE "customer_role_menu"."role_id" = 5 AND "customer_role_menu"."menu_id" <> 1
 2025/10/17 08:53:30 /home/quant/Document/project/go-dango-gin/internal/customer/data/role.go:120
[2.022ms] [rows:5] 
		SELECT DISTINCT p.*
		FROM customer_permission p
		WHERE p.id IN (
			SELECT rp.permission_id
			FROM customer_role_permission rp
			WHERE rp.role_id = 5
			
			UNION
			
			SELECT mp.permission_id
			FROM customer_role_menu rm
			JOIN customer_menu_permission mp ON rm.menu_id = mp.menu_id
			WHERE rm.role_id = 5
			
			UNION
			
			SELECT bp.permission_id
			FROM customer_role_button rb
			JOIN customer_button_permission bp ON rb.button_id = bp.button_id
			WHERE rb.role_id = 5
		)
 2025/10/17 08:53:30 /home/quant/Document/project/go-dango-gin/pkg/database/curd.go:207
[1.051ms] [rows:0] SELECT * FROM "customer_role_button" WHERE "customer_role_button"."role_id" = 5
 2025/10/17 08:53:30 /home/quant/Document/project/go-dango-gin/pkg/database/curd.go:207
[0.883ms] [rows:1] SELECT * FROM "customer_role_menu" WHERE "customer_role_menu"."role_id" = 5
 2025/10/17 08:53:30 /home/quant/Document/project/go-dango-gin/pkg/database/curd.go:207
[0.943ms] [rows:1] SELECT * FROM "customer_menu" WHERE "customer_menu"."id" = 1
 2025/10/17 08:53:30 /home/quant/Document/project/go-dango-gin/pkg/database/curd.go:207
[0.843ms] [rows:3] SELECT * FROM "customer_role_permission" WHERE "customer_role_permission"."role_id" = 5
 2025/10/17 08:53:30 /home/quant/Document/project/go-dango-gin/pkg/database/curd.go:207
[0.973ms] [rows:3] SELECT * FROM "customer_permission" WHERE "customer_permission"."id" IN (1,2,3)
 2025/10/17 08:53:30 /home/quant/Document/project/go-dango-gin/pkg/database/curd.go:207
[6.500ms] [rows:1] SELECT * FROM "customer_role" WHERE "customer_role"."id" = 5 ORDER BY "customer_role"."id" LIMIT 1
 2025/10/23 10:01:49 /home/quant/Document/project/go-dango-gin/pkg/database/curd.go:302
[1.380ms] [rows:112] SELECT * FROM "customer_permission"
 2025/10/23 10:01:49 /home/quant/Document/project/go-dango-gin/pkg/database/curd.go:302
[1.354ms] [rows:2] SELECT * FROM "customer_menu"
 2025/10/23 10:01:49 /home/quant/Document/project/go-dango-gin/pkg/database/curd.go:302
[0.870ms] [rows:0] SELECT * FROM "customer_button"
 2025/10/23 10:01:49 /home/quant/Document/project/go-dango-gin/pkg/database/curd.go:302
[1.109ms] [rows:2] SELECT * FROM "customer_role"
 2025/10/23 10:04:56 /home/quant/Document/project/go-dango-gin/pkg/database/curd.go:302
[1.235ms] [rows:112] SELECT * FROM "customer_permission"
 2025/10/23 10:04:56 /home/quant/Document/project/go-dango-gin/pkg/database/curd.go:302
[1.025ms] [rows:2] SELECT * FROM "customer_menu"
 2025/10/23 10:04:56 /home/quant/Document/project/go-dango-gin/pkg/database/curd.go:302
[0.721ms] [rows:0] SELECT * FROM "customer_button"
 2025/10/23 10:04:56 /home/quant/Document/project/go-dango-gin/pkg/database/curd.go:302
[0.949ms] [rows:2] SELECT * FROM "customer_role"
 2025/10/23 10:09:37 /home/quant/Document/project/go-dango-gin/pkg/database/curd.go:302
[1.383ms] [rows:112] SELECT * FROM "customer_permission"
 2025/10/23 10:09:37 /home/quant/Document/project/go-dango-gin/pkg/database/curd.go:302
[0.929ms] [rows:2] SELECT * FROM "customer_menu"
 2025/10/23 10:09:37 /home/quant/Document/project/go-dango-gin/pkg/database/curd.go:302
[0.727ms] [rows:0] SELECT * FROM "customer_button"
 2025/10/23 10:09:37 /home/quant/Document/project/go-dango-gin/pkg/database/curd.go:302
[0.939ms] [rows:2] SELECT * FROM "customer_role"
 2025/10/30 14:11:04 /home/quant/Document/project/gin-artweb/pkg/database/curd.go:302
[13.351ms] [rows:112] SELECT * FROM "customer_permission"
 2025/10/30 14:11:04 /home/quant/Document/project/gin-artweb/pkg/database/curd.go:302
[7.378ms] [rows:2] SELECT * FROM "customer_menu"
 2025/10/30 14:11:04 /home/quant/Document/project/gin-artweb/pkg/database/curd.go:302
[6.052ms] [rows:0] SELECT * FROM "customer_button"
 2025/10/30 14:11:04 /home/quant/Document/project/gin-artweb/pkg/database/curd.go:302
[4.928ms] [rows:2] SELECT * FROM "customer_role"
 2025/10/30 14:15:23 /home/quant/Document/project/gin-artweb/pkg/database/curd.go:302
[7.306ms] [rows:112] SELECT * FROM "customer_permission"
 2025/10/30 14:15:23 /home/quant/Document/project/gin-artweb/pkg/database/curd.go:302
[3.892ms] [rows:2] SELECT * FROM "customer_menu"
 2025/10/30 14:15:23 /home/quant/Document/project/gin-artweb/pkg/database/curd.go:302
[3.967ms] [rows:0] SELECT * FROM "customer_button"
 2025/10/30 14:15:23 /home/quant/Document/project/gin-artweb/pkg/database/curd.go:302
[4.086ms] [rows:2] SELECT * FROM "customer_role"
 2025/10/30 14:16:21 /home/quant/Document/project/gin-artweb/pkg/database/curd.go:302
[12.200ms] [rows:112] SELECT * FROM "customer_permission"
 2025/10/30 14:16:21 /home/quant/Document/project/gin-artweb/pkg/database/curd.go:302
[7.342ms] [rows:2] SELECT * FROM "customer_menu"
 2025/10/30 14:16:21 /home/quant/Document/project/gin-artweb/pkg/database/curd.go:302
[6.335ms] [rows:0] SELECT * FROM "customer_button"
 2025/10/30 14:16:21 /home/quant/Document/project/gin-artweb/pkg/database/curd.go:302
[6.867ms] [rows:2] SELECT * FROM "customer_role"
 2025/10/30 14:35:19 /home/quant/Document/project/gin-artweb/pkg/database/curd.go:302
[9.853ms] [rows:112] SELECT * FROM "customer_permission"
 2025/10/30 14:35:19 /home/quant/Document/project/gin-artweb/pkg/database/curd.go:302
[5.778ms] [rows:2] SELECT * FROM "customer_menu"
 2025/10/30 14:35:19 /home/quant/Document/project/gin-artweb/pkg/database/curd.go:302
[5.909ms] [rows:0] SELECT * FROM "customer_button"
 2025/10/30 14:35:19 /home/quant/Document/project/gin-artweb/pkg/database/curd.go:302
[6.020ms] [rows:2] SELECT * FROM "customer_role"
 2025/10/30 14:37:16 /home/quant/Document/project/gin-artweb/pkg/database/curd.go:302
[11.645ms] [rows:112] SELECT * FROM "customer_permission"
 2025/10/30 14:37:16 /home/quant/Document/project/gin-artweb/pkg/database/curd.go:302
[6.704ms] [rows:2] SELECT * FROM "customer_menu"
 2025/10/30 14:37:16 /home/quant/Document/project/gin-artweb/pkg/database/curd.go:302
[6.649ms] [rows:0] SELECT * FROM "customer_button"
 2025/10/30 14:37:16 /home/quant/Document/project/gin-artweb/pkg/database/curd.go:302
[7.231ms] [rows:2] SELECT * FROM "customer_role"
 2025/10/30 14:37:45 /home/quant/Document/project/gin-artweb/pkg/database/curd.go:302
[11.445ms] [rows:112] SELECT * FROM "customer_permission"
 2025/10/30 14:37:45 /home/quant/Document/project/gin-artweb/pkg/database/curd.go:302
[6.251ms] [rows:2] SELECT * FROM "customer_menu"
 2025/10/30 14:37:45 /home/quant/Document/project/gin-artweb/pkg/database/curd.go:302
[6.292ms] [rows:0] SELECT * FROM "customer_button"
 2025/10/30 14:37:45 /home/quant/Document/project/gin-artweb/pkg/database/curd.go:302
[6.441ms] [rows:2] SELECT * FROM "customer_role"
 2025/10/30 14:40:27 /home/quant/Document/project/gin-artweb/pkg/database/curd.go:302
[6.882ms] [rows:112] SELECT * FROM "customer_permission"
 2025/10/30 14:40:27 /home/quant/Document/project/gin-artweb/pkg/database/curd.go:302
[4.192ms] [rows:2] SELECT * FROM "customer_menu"
 2025/10/30 14:40:27 /home/quant/Document/project/gin-artweb/pkg/database/curd.go:302
[3.963ms] [rows:0] SELECT * FROM "customer_button"
 2025/10/30 14:40:27 /home/quant/Document/project/gin-artweb/pkg/database/curd.go:302
[4.130ms] [rows:2] SELECT * FROM "customer_role"
